2026-05-20 02:13:43 [info]: TaskFlow API running on port 5000 in development mode
2026-05-20 02:13:43 [info]: Swagger docs: http://localhost:5000/api-docs
2026-05-20 02:13:43 [info]: MongoDB connected: localhost
2026-05-20 02:14:25 [http]: ::1 - - [19/May/2026:20:44:25 +0000] "POST /api/v1/auth/login HTTP/1.1" 401 56 "http://localhost:3000/" "Mozilla/5.0 (Windows NT 10.0; Win64; x64) AppleWebKit/537.36 (KHTML, like Gecko) Chrome/148.0.0.0 Safari/537.36"
2026-05-20 02:14:50 [error]: 500 - secretOrPrivateKey must have a value - /api/v1/auth/register - POST - ::1
2026-05-20 02:14:50 [http]: ::1 - - [19/May/2026:20:44:50 +0000] "POST /api/v1/auth/register HTTP/1.1" 500 66 "http://localhost:3000/" "Mozilla/5.0 (iPhone; CPU iPhone OS 18_5 like Mac OS X) AppleWebKit/605.1.15 (KHTML, like Gecko) Version/18.5 Mobile/15E148 Safari/604.1"
2026-05-20 02:18:48 [http]: ::1 - - [19/May/2026:20:48:48 +0000] "POST /api/v1/auth/register HTTP/1.1" 409 55 "http://localhost:3000/" "Mozilla/5.0 (iPhone; CPU iPhone OS 18_5 like Mac OS X) AppleWebKit/605.1.15 (KHTML, like Gecko) Version/18.5 Mobile/15E148 Safari/604.1"
2026-05-20 02:18:49 [http]: ::1 - - [19/May/2026:20:48:49 +0000] "POST /api/v1/auth/register HTTP/1.1" 409 55 "http://localhost:3000/" "Mozilla/5.0 (iPhone; CPU iPhone OS 18_5 like Mac OS X) AppleWebKit/605.1.15 (KHTML, like Gecko) Version/18.5 Mobile/15E148 Safari/604.1"
2026-05-20 02:22:22 [info]: TaskFlow API running on port 5000 in development mode
2026-05-20 02:22:22 [info]: Swagger docs: http://localhost:5000/api-docs
2026-05-20 02:22:24 [info]: MongoDB connected: ac-oflvqad-shard-00-02.bibsgue.mongodb.net
2026-05-20 02:23:31 [info]: New user registered: jounnaqvi@gmail.com
2026-05-20 02:23:31 [http]: ::1 - - [19/May/2026:20:53:31 +0000] "POST /api/v1/auth/register HTTP/1.1" 201 387 "http://localhost:3000/" "Mozilla/5.0 (iPhone; CPU iPhone OS 18_5 like Mac OS X) AppleWebKit/605.1.15 (KHTML, like Gecko) Version/18.5 Mobile/15E148 Safari/604.1"
2026-05-20 02:23:33 [http]: ::1 - - [19/May/2026:20:53:33 +0000] "GET /api/v1/auth/profile HTTP/1.1" 200 188 "http://localhost:3000/" "Mozilla/5.0 (iPhone; CPU iPhone OS 18_5 like Mac OS X) AppleWebKit/605.1.15 (KHTML, like Gecko) Version/18.5 Mobile/15E148 Safari/604.1"
2026-05-20 02:23:33 [http]: ::1 - - [19/May/2026:20:53:33 +0000] "GET /api/v1/auth/profile HTTP/1.1" 304 - "http://localhost:3000/" "Mozilla/5.0 (iPhone; CPU iPhone OS 18_5 like Mac OS X) AppleWebKit/605.1.15 (KHTML, like Gecko) Version/18.5 Mobile/15E148 Safari/604.1"
2026-05-20 02:23:33 [http]: ::1 - - [19/May/2026:20:53:33 +0000] "GET /api/v1/auth/profile HTTP/1.1" 304 - "http://localhost:3000/" "Mozilla/5.0 (iPhone; CPU iPhone OS 18_5 like Mac OS X) AppleWebKit/605.1.15 (KHTML, like Gecko) Version/18.5 Mobile/15E148 Safari/604.1"
2026-05-20 02:23:33 [http]: ::1 - - [19/May/2026:20:53:33 +0000] "GET /api/v1/auth/profile HTTP/1.1" 304 - "http://localhost:3000/" "Mozilla/5.0 (iPhone; CPU iPhone OS 18_5 like Mac OS X) AppleWebKit/605.1.15 (KHTML, like Gecko) Version/18.5 Mobile/15E148 Safari/604.1"
2026-05-20 02:23:33 [http]: ::1 - - [19/May/2026:20:53:33 +0000] "GET /api/v1/tasks?page=1&limit=9 HTTP/1.1" 200 105 "http://localhost:3000/" "Mozilla/5.0 (iPhone; CPU iPhone OS 18_5 like Mac OS X) AppleWebKit/605.1.15 (KHTML, like Gecko) Version/18.5 Mobile/15E148 Safari/604.1"
2026-05-20 02:23:33 [http]: ::1 - - [19/May/2026:20:53:33 +0000] "GET /api/v1/tasks?page=1&limit=9 HTTP/1.1" 304 - "http://localhost:3000/" "Mozilla/5.0 (iPhone; CPU iPhone OS 18_5 like Mac OS X) AppleWebKit/605.1.15 (KHTML, like Gecko) Version/18.5 Mobile/15E148 Safari/604.1"
2026-05-20 02:38:59 [http]: ::1 - - [19/May/2026:21:08:59 +0000] "POST /api/v1/tasks HTTP/1.1" 201 291 "http://localhost:3000/" "Mozilla/5.0 (iPhone; CPU iPhone OS 18_5 like Mac OS X) AppleWebKit/605.1.15 (KHTML, like Gecko) Version/18.5 Mobile/15E148 Safari/604.1"
2026-05-20 02:38:59 [http]: ::1 - - [19/May/2026:21:08:59 +0000] "GET /api/v1/tasks?page=1&limit=9 HTTP/1.1" 200 405 "http://localhost:3000/" "Mozilla/5.0 (iPhone; CPU iPhone OS 18_5 like Mac OS X) AppleWebKit/605.1.15 (KHTML, like Gecko) Version/18.5 Mobile/15E148 Safari/604.1"
2026-05-20 02:40:29 [info]: User logged in: jounnaqvi@gmail.com
2026-05-20 02:40:29 [http]: ::1 - - [19/May/2026:21:10:29 +0000] "POST /api/v1/auth/login HTTP/1.1" 200 381 "http://localhost:3000/" "Mozilla/5.0 (iPhone; CPU iPhone OS 18_5 like Mac OS X) AppleWebKit/605.1.15 (KHTML, like Gecko) Version/18.5 Mobile/15E148 Safari/604.1"
2026-05-20 02:40:30 [http]: ::1 - - [19/May/2026:21:10:30 +0000] "GET /api/v1/auth/profile HTTP/1.1" 200 189 "http://localhost:3000/" "Mozilla/5.0 (iPhone; CPU iPhone OS 18_5 like Mac OS X) AppleWebKit/605.1.15 (KHTML, like Gecko) Version/18.5 Mobile/15E148 Safari/604.1"
2026-05-20 02:40:30 [http]: ::1 - - [19/May/2026:21:10:30 +0000] "GET /api/v1/auth/profile HTTP/1.1" 304 - "http://localhost:3000/" "Mozilla/5.0 (iPhone; CPU iPhone OS 18_5 like Mac OS X) AppleWebKit/605.1.15 (KHTML, like Gecko) Version/18.5 Mobile/15E148 Safari/604.1"
2026-05-20 02:40:30 [http]: ::1 - - [19/May/2026:21:10:30 +0000] "GET /api/v1/auth/profile HTTP/1.1" 304 - "http://localhost:3000/" "Mozilla/5.0 (iPhone; CPU iPhone OS 18_5 like Mac OS X) AppleWebKit/605.1.15 (KHTML, like Gecko) Version/18.5 Mobile/15E148 Safari/604.1"
2026-05-20 02:40:30 [http]: ::1 - - [19/May/2026:21:10:30 +0000] "GET /api/v1/auth/profile HTTP/1.1" 304 - "http://localhost:3000/" "Mozilla/5.0 (iPhone; CPU iPhone OS 18_5 like Mac OS X) AppleWebKit/605.1.15 (KHTML, like Gecko) Version/18.5 Mobile/15E148 Safari/604.1"
2026-05-20 02:40:30 [http]: ::1 - - [19/May/2026:21:10:30 +0000] "GET /api/v1/tasks?page=1&limit=9 HTTP/1.1" 304 - "http://localhost:3000/" "Mozilla/5.0 (iPhone; CPU iPhone OS 18_5 like Mac OS X) AppleWebKit/605.1.15 (KHTML, like Gecko) Version/18.5 Mobile/15E148 Safari/604.1"
2026-05-20 02:40:30 [http]: ::1 - - [19/May/2026:21:10:30 +0000] "GET /api/v1/tasks?page=1&limit=9 HTTP/1.1" 304 - "http://localhost:3000/" "Mozilla/5.0 (iPhone; CPU iPhone OS 18_5 like Mac OS X) AppleWebKit/605.1.15 (KHTML, like Gecko) Version/18.5 Mobile/15E148 Safari/604.1"
2026-05-20 02:40:45 [http]: ::1 - - [19/May/2026:21:10:45 +0000] "DELETE /api/v1/tasks/6a0cd16bd7e79a342982db7e HTTP/1.1" 200 41 "http://localhost:3000/" "Mozilla/5.0 (iPhone; CPU iPhone OS 18_5 like Mac OS X) AppleWebKit/605.1.15 (KHTML, like Gecko) Version/18.5 Mobile/15E148 Safari/604.1"
2026-05-20 02:40:45 [http]: ::1 - - [19/May/2026:21:10:45 +0000] "GET /api/v1/tasks?page=1&limit=9 HTTP/1.1" 200 105 "http://localhost:3000/" "Mozilla/5.0 (iPhone; CPU iPhone OS 18_5 like Mac OS X) AppleWebKit/605.1.15 (KHTML, like Gecko) Version/18.5 Mobile/15E148 Safari/604.1"
2026-05-20 02:41:31 [http]: ::1 - - [19/May/2026:21:11:31 +0000] "GET /api/v1/auth/profile HTTP/1.1" 304 - "http://localhost:3000/" "Mozilla/5.0 (iPhone; CPU iPhone OS 18_5 like Mac OS X) AppleWebKit/605.1.15 (KHTML, like Gecko) Version/18.5 Mobile/15E148 Safari/604.1"
2026-05-20 02:41:31 [http]: ::1 - - [19/May/2026:21:11:31 +0000] "GET /api/v1/auth/profile HTTP/1.1" 304 - "http://localhost:3000/" "Mozilla/5.0 (iPhone; CPU iPhone OS 18_5 like Mac OS X) AppleWebKit/605.1.15 (KHTML, like Gecko) Version/18.5 Mobile/15E148 Safari/604.1"
2026-05-20 02:41:31 [http]: ::1 - - [19/May/2026:21:11:31 +0000] "GET /api/v1/auth/profile HTTP/1.1" 304 - "http://localhost:3000/" "Mozilla/5.0 (iPhone; CPU iPhone OS 18_5 like Mac OS X) AppleWebKit/605.1.15 (KHTML, like Gecko) Version/18.5 Mobile/15E148 Safari/604.1"
2026-05-20 02:41:31 [http]: ::1 - - [19/May/2026:21:11:31 +0000] "GET /api/v1/tasks?page=1&limit=9 HTTP/1.1" 304 - "http://localhost:3000/" "Mozilla/5.0 (iPhone; CPU iPhone OS 18_5 like Mac OS X) AppleWebKit/605.1.15 (KHTML, like Gecko) Version/18.5 Mobile/15E148 Safari/604.1"
2026-05-20 02:41:31 [http]: ::1 - - [19/May/2026:21:11:31 +0000] "GET /api/v1/auth/profile HTTP/1.1" 304 - "http://localhost:3000/" "Mozilla/5.0 (iPhone; CPU iPhone OS 18_5 like Mac OS X) AppleWebKit/605.1.15 (KHTML, like Gecko) Version/18.5 Mobile/15E148 Safari/604.1"
2026-05-20 02:41:31 [http]: ::1 - - [19/May/2026:21:11:31 +0000] "GET /api/v1/tasks?page=1&limit=9 HTTP/1.1" 304 - "http://localhost:3000/" "Mozilla/5.0 (iPhone; CPU iPhone OS 18_5 like Mac OS X) AppleWebKit/605.1.15 (KHTML, like Gecko) Version/18.5 Mobile/15E148 Safari/604.1"
2026-05-20 02:41:41 [http]: ::1 - - [19/May/2026:21:11:41 +0000] "GET /api/v1/auth/profile HTTP/1.1" 304 - "http://localhost:3000/" "Mozilla/5.0 (Windows NT 10.0; Win64; x64) AppleWebKit/537.36 (KHTML, like Gecko) Chrome/148.0.0.0 Safari/537.36"
2026-05-20 02:41:41 [http]: ::1 - - [19/May/2026:21:11:41 +0000] "GET /api/v1/auth/profile HTTP/1.1" 304 - "http://localhost:3000/" "Mozilla/5.0 (Windows NT 10.0; Win64; x64) AppleWebKit/537.36 (KHTML, like Gecko) Chrome/148.0.0.0 Safari/537.36"
2026-05-20 02:41:41 [http]: ::1 - - [19/May/2026:21:11:41 +0000] "GET /api/v1/auth/profile HTTP/1.1" 304 - "http://localhost:3000/" "Mozilla/5.0 (Windows NT 10.0; Win64; x64) AppleWebKit/537.36 (KHTML, like Gecko) Chrome/148.0.0.0 Safari/537.36"
2026-05-20 02:41:41 [http]: ::1 - - [19/May/2026:21:11:41 +0000] "GET /api/v1/auth/profile HTTP/1.1" 304 - "http://localhost:3000/" "Mozilla/5.0 (Windows NT 10.0; Win64; x64) AppleWebKit/537.36 (KHTML, like Gecko) Chrome/148.0.0.0 Safari/537.36"
2026-05-20 02:41:41 [http]: ::1 - - [19/May/2026:21:11:41 +0000] "GET /api/v1/tasks?page=1&limit=9 HTTP/1.1" 304 - "http://localhost:3000/" "Mozilla/5.0 (Windows NT 10.0; Win64; x64) AppleWebKit/537.36 (KHTML, like Gecko) Chrome/148.0.0.0 Safari/537.36"
2026-05-20 02:41:41 [http]: ::1 - - [19/May/2026:21:11:41 +0000] "GET /api/v1/tasks?page=1&limit=9 HTTP/1.1" 304 - "http://localhost:3000/" "Mozilla/5.0 (Windows NT 10.0; Win64; x64) AppleWebKit/537.36 (KHTML, like Gecko) Chrome/148.0.0.0 Safari/537.36"
2026-05-20 02:42:15 [info]: User logged in: jounnaqvi@gmail.com
2026-05-20 02:42:15 [http]: ::1 - - [19/May/2026:21:12:15 +0000] "POST /api/v1/auth/login HTTP/1.1" 200 381 "http://localhost:3000/" "Mozilla/5.0 (iPhone; CPU iPhone OS 18_5 like Mac OS X) AppleWebKit/605.1.15 (KHTML, like Gecko) Version/18.5 Mobile/15E148 Safari/604.1"
2026-05-20 02:42:16 [http]: ::1 - - [19/May/2026:21:12:16 +0000] "GET /api/v1/auth/profile HTTP/1.1" 304 - "http://localhost:3000/" "Mozilla/5.0 (iPhone; CPU iPhone OS 18_5 like Mac OS X) AppleWebKit/605.1.15 (KHTML, like Gecko) Version/18.5 Mobile/15E148 Safari/604.1"
2026-05-20 02:42:16 [http]: ::1 - - [19/May/2026:21:12:16 +0000] "GET /api/v1/auth/profile HTTP/1.1" 304 - "http://localhost:3000/" "Mozilla/5.0 (iPhone; CPU iPhone OS 18_5 like Mac OS X) AppleWebKit/605.1.15 (KHTML, like Gecko) Version/18.5 Mobile/15E148 Safari/604.1"
2026-05-20 02:42:16 [http]: ::1 - - [19/May/2026:21:12:16 +0000] "GET /api/v1/auth/profile HTTP/1.1" 304 - "http://localhost:3000/" "Mozilla/5.0 (iPhone; CPU iPhone OS 18_5 like Mac OS X) AppleWebKit/605.1.15 (KHTML, like Gecko) Version/18.5 Mobile/15E148 Safari/604.1"
2026-05-20 02:42:16 [http]: ::1 - - [19/May/2026:21:12:16 +0000] "GET /api/v1/tasks?page=1&limit=9 HTTP/1.1" 304 - "http://localhost:3000/" "Mozilla/5.0 (iPhone; CPU iPhone OS 18_5 like Mac OS X) AppleWebKit/605.1.15 (KHTML, like Gecko) Version/18.5 Mobile/15E148 Safari/604.1"
2026-05-20 02:42:16 [http]: ::1 - - [19/May/2026:21:12:16 +0000] "GET /api/v1/auth/profile HTTP/1.1" 304 - "http://localhost:3000/" "Mozilla/5.0 (iPhone; CPU iPhone OS 18_5 like Mac OS X) AppleWebKit/605.1.15 (KHTML, like Gecko) Version/18.5 Mobile/15E148 Safari/604.1"
2026-05-20 02:42:16 [http]: ::1 - - [19/May/2026:21:12:16 +0000] "GET /api/v1/tasks?page=1&limit=9 HTTP/1.1" 304 - "http://localhost:3000/" "Mozilla/5.0 (iPhone; CPU iPhone OS 18_5 like Mac OS X) AppleWebKit/605.1.15 (KHTML, like Gecko) Version/18.5 Mobile/15E148 Safari/604.1"
2026-05-20 02:42:23 [http]: ::1 - - [19/May/2026:21:12:23 +0000] "GET /api/v1/auth/profile HTTP/1.1" 304 - "http://localhost:3000/" "Mozilla/5.0 (iPhone; CPU iPhone OS 18_5 like Mac OS X) AppleWebKit/605.1.15 (KHTML, like Gecko) Version/18.5 Mobile/15E148 Safari/604.1"
2026-05-20 02:42:23 [http]: ::1 - - [19/May/2026:21:12:23 +0000] "GET /api/v1/auth/profile HTTP/1.1" 304 - "http://localhost:3000/" "Mozilla/5.0 (iPhone; CPU iPhone OS 18_5 like Mac OS X) AppleWebKit/605.1.15 (KHTML, like Gecko) Version/18.5 Mobile/15E148 Safari/604.1"
2026-05-20 02:42:33 [http]: ::1 - - [19/May/2026:21:12:33 +0000] "GET /api/v1/auth/profile HTTP/1.1" 304 - "http://localhost:3000/" "Mozilla/5.0 (iPhone; CPU iPhone OS 18_5 like Mac OS X) AppleWebKit/605.1.15 (KHTML, like Gecko) Version/18.5 Mobile/15E148 Safari/604.1"
2026-05-20 02:42:33 [http]: ::1 - - [19/May/2026:21:12:33 +0000] "GET /api/v1/auth/profile HTTP/1.1" 304 - "http://localhost:3000/" "Mozilla/5.0 (iPhone; CPU iPhone OS 18_5 like Mac OS X) AppleWebKit/605.1.15 (KHTML, like Gecko) Version/18.5 Mobile/15E148 Safari/604.1"
2026-05-20 02:42:33 [http]: ::1 - - [19/May/2026:21:12:33 +0000] "GET /api/v1/auth/profile HTTP/1.1" 304 - "http://localhost:3000/" "Mozilla/5.0 (iPhone; CPU iPhone OS 18_5 like Mac OS X) AppleWebKit/605.1.15 (KHTML, like Gecko) Version/18.5 Mobile/15E148 Safari/604.1"
2026-05-20 02:42:33 [http]: ::1 - - [19/May/2026:21:12:33 +0000] "GET /api/v1/auth/profile HTTP/1.1" 304 - "http://localhost:3000/" "Mozilla/5.0 (iPhone; CPU iPhone OS 18_5 like Mac OS X) AppleWebKit/605.1.15 (KHTML, like Gecko) Version/18.5 Mobile/15E148 Safari/604.1"
2026-05-20 02:42:33 [http]: ::1 - - [19/May/2026:21:12:33 +0000] "GET /api/v1/tasks?page=1&limit=9 HTTP/1.1" 304 - "http://localhost:3000/" "Mozilla/5.0 (iPhone; CPU iPhone OS 18_5 like Mac OS X) AppleWebKit/605.1.15 (KHTML, like Gecko) Version/18.5 Mobile/15E148 Safari/604.1"
2026-05-20 02:42:33 [http]: ::1 - - [19/May/2026:21:12:33 +0000] "GET /api/v1/tasks?page=1&limit=9 HTTP/1.1" 304 - "http://localhost:3000/" "Mozilla/5.0 (iPhone; CPU iPhone OS 18_5 like Mac OS X) AppleWebKit/605.1.15 (KHTML, like Gecko) Version/18.5 Mobile/15E148 Safari/604.1"
2026-05-20 02:43:22 [info]: User logged in: jounnaqvi@gmail.com
2026-05-20 02:43:22 [http]: ::1 - - [19/May/2026:21:13:22 +0000] "POST /api/v1/auth/login HTTP/1.1" 200 381 "http://localhost:3000/" "Mozilla/5.0 (iPhone; CPU iPhone OS 18_5 like Mac OS X) AppleWebKit/605.1.15 (KHTML, like Gecko) Version/18.5 Mobile/15E148 Safari/604.1"
2026-05-20 02:43:22 [http]: ::1 - - [19/May/2026:21:13:22 +0000] "GET /api/v1/auth/profile HTTP/1.1" 304 - "http://localhost:3000/" "Mozilla/5.0 (iPhone; CPU iPhone OS 18_5 like Mac OS X) AppleWebKit/605.1.15 (KHTML, like Gecko) Version/18.5 Mobile/15E148 Safari/604.1"
2026-05-20 02:43:22 [http]: ::1 - - [19/May/2026:21:13:22 +0000] "GET /api/v1/auth/profile HTTP/1.1" 304 - "http://localhost:3000/" "Mozilla/5.0 (iPhone; CPU iPhone OS 18_5 like Mac OS X) AppleWebKit/605.1.15 (KHTML, like Gecko) Version/18.5 Mobile/15E148 Safari/604.1"
2026-05-20 02:43:22 [http]: ::1 - - [19/May/2026:21:13:22 +0000] "GET /api/v1/auth/profile HTTP/1.1" 304 - "http://localhost:3000/" "Mozilla/5.0 (iPhone; CPU iPhone OS 18_5 like Mac OS X) AppleWebKit/605.1.15 (KHTML, like Gecko) Version/18.5 Mobile/15E148 Safari/604.1"
2026-05-20 02:43:22 [http]: ::1 - - [19/May/2026:21:13:22 +0000] "GET /api/v1/tasks?page=1&limit=9 HTTP/1.1" 304 - "http://localhost:3000/" "Mozilla/5.0 (iPhone; CPU iPhone OS 18_5 like Mac OS X) AppleWebKit/605.1.15 (KHTML, like Gecko) Version/18.5 Mobile/15E148 Safari/604.1"
2026-05-20 02:43:22 [http]: ::1 - - [19/May/2026:21:13:22 +0000] "GET /api/v1/auth/profile HTTP/1.1" 304 - "http://localhost:3000/" "Mozilla/5.0 (iPhone; CPU iPhone OS 18_5 like Mac OS X) AppleWebKit/605.1.15 (KHTML, like Gecko) Version/18.5 Mobile/15E148 Safari/604.1"
2026-05-20 02:43:22 [http]: ::1 - - [19/May/2026:21:13:22 +0000] "GET /api/v1/tasks?page=1&limit=9 HTTP/1.1" 304 - "http://localhost:3000/" "Mozilla/5.0 (iPhone; CPU iPhone OS 18_5 like Mac OS X) AppleWebKit/605.1.15 (KHTML, like Gecko) Version/18.5 Mobile/15E148 Safari/604.1"
2026-05-20 02:55:17 [http]: ::1 - - [19/May/2026:21:25:17 +0000] "POST /api/v1/tasks HTTP/1.1" 422 119 "http://localhost:3000/" "Mozilla/5.0 (iPhone; CPU iPhone OS 18_5 like Mac OS X) AppleWebKit/605.1.15 (KHTML, like Gecko) Version/18.5 Mobile/15E148 Safari/604.1"
2026-05-20 02:55:22 [http]: ::1 - - [19/May/2026:21:25:22 +0000] "POST /api/v1/tasks HTTP/1.1" 422 119 "http://localhost:3000/" "Mozilla/5.0 (iPhone; CPU iPhone OS 18_5 like Mac OS X) AppleWebKit/605.1.15 (KHTML, like Gecko) Version/18.5 Mobile/15E148 Safari/604.1"
2026-05-20 02:55:57 [http]: ::1 - - [19/May/2026:21:25:57 +0000] "GET /api/v1/auth/profile HTTP/1.1" 304 - "http://localhost:3000/" "Mozilla/5.0 (iPhone; CPU iPhone OS 18_5 like Mac OS X) AppleWebKit/605.1.15 (KHTML, like Gecko) Version/18.5 Mobile/15E148 Safari/604.1"
2026-05-20 02:55:57 [http]: ::1 - - [19/May/2026:21:25:57 +0000] "GET /api/v1/auth/profile HTTP/1.1" 304 - "http://localhost:3000/" "Mozilla/5.0 (iPhone; CPU iPhone OS 18_5 like Mac OS X) AppleWebKit/605.1.15 (KHTML, like Gecko) Version/18.5 Mobile/15E148 Safari/604.1"
2026-05-20 02:55:57 [http]: ::1 - - [19/May/2026:21:25:57 +0000] "GET /api/v1/auth/profile HTTP/1.1" 304 - "http://localhost:3000/" "Mozilla/5.0 (iPhone; CPU iPhone OS 18_5 like Mac OS X) AppleWebKit/605.1.15 (KHTML, like Gecko) Version/18.5 Mobile/15E148 Safari/604.1"
2026-05-20 02:55:58 [http]: ::1 - - [19/May/2026:21:25:58 +0000] "GET /api/v1/tasks?page=1&limit=9 HTTP/1.1" 304 - "http://localhost:3000/" "Mozilla/5.0 (iPhone; CPU iPhone OS 18_5 like Mac OS X) AppleWebKit/605.1.15 (KHTML, like Gecko) Version/18.5 Mobile/15E148 Safari/604.1"
2026-05-20 02:55:58 [http]: ::1 - - [19/May/2026:21:25:58 +0000] "GET /api/v1/auth/profile HTTP/1.1" 304 - "http://localhost:3000/" "Mozilla/5.0 (iPhone; CPU iPhone OS 18_5 like Mac OS X) AppleWebKit/605.1.15 (KHTML, like Gecko) Version/18.5 Mobile/15E148 Safari/604.1"
2026-05-20 02:55:58 [http]: ::1 - - [19/May/2026:21:25:58 +0000] "GET /api/v1/tasks?page=1&limit=9 HTTP/1.1" 304 - "http://localhost:3000/" "Mozilla/5.0 (iPhone; CPU iPhone OS 18_5 like Mac OS X) AppleWebKit/605.1.15 (KHTML, like Gecko) Version/18.5 Mobile/15E148 Safari/604.1"
2026-05-20 02:56:09 [http]: ::1 - - [19/May/2026:21:26:09 +0000] "POST /api/v1/tasks HTTP/1.1" 422 119 "http://localhost:3000/" "Mozilla/5.0 (iPhone; CPU iPhone OS 18_5 like Mac OS X) AppleWebKit/605.1.15 (KHTML, like Gecko) Version/18.5 Mobile/15E148 Safari/604.1"
2026-05-20 02:56:32 [http]: ::1 - - [19/May/2026:21:26:32 +0000] "POST /api/v1/tasks HTTP/1.1" 201 293 "http://localhost:3000/" "Mozilla/5.0 (iPhone; CPU iPhone OS 18_5 like Mac OS X) AppleWebKit/605.1.15 (KHTML, like Gecko) Version/18.5 Mobile/15E148 Safari/604.1"
2026-05-20 02:56:32 [http]: ::1 - - [19/May/2026:21:26:32 +0000] "GET /api/v1/tasks?page=1&limit=9 HTTP/1.1" 200 407 "http://localhost:3000/" "Mozilla/5.0 (iPhone; CPU iPhone OS 18_5 like Mac OS X) AppleWebKit/605.1.15 (KHTML, like Gecko) Version/18.5 Mobile/15E148 Safari/604.1"
2026-05-20 02:56:40 [http]: ::1 - - [19/May/2026:21:26:40 +0000] "PUT /api/v1/tasks/6a0cd588d7e79a342982dbda HTTP/1.1" 200 295 "http://localhost:3000/" "Mozilla/5.0 (iPhone; CPU iPhone OS 18_5 like Mac OS X) AppleWebKit/605.1.15 (KHTML, like Gecko) Version/18.5 Mobile/15E148 Safari/604.1"
2026-05-20 02:56:40 [http]: ::1 - - [19/May/2026:21:26:40 +0000] "GET /api/v1/tasks?page=1&limit=9 HTTP/1.1" 200 409 "http://localhost:3000/" "Mozilla/5.0 (iPhone; CPU iPhone OS 18_5 like Mac OS X) AppleWebKit/605.1.15 (KHTML, like Gecko) Version/18.5 Mobile/15E148 Safari/604.1"
2026-05-20 02:56:43 [http]: ::1 - - [19/May/2026:21:26:43 +0000] "GET /api/v1/tasks?page=1&limit=9 HTTP/1.1" 304 - "http://localhost:3000/" "Mozilla/5.0 (iPhone; CPU iPhone OS 18_5 like Mac OS X) AppleWebKit/605.1.15 (KHTML, like Gecko) Version/18.5 Mobile/15E148 Safari/604.1"
2026-05-20 02:57:24 [info]: TaskFlow API running on port 5000 in development mode
2026-05-20 02:57:24 [info]: Swagger docs: http://localhost:5000/api-docs
2026-05-20 02:57:25 [info]: MongoDB connected: ac-oflvqad-shard-00-01.bibsgue.mongodb.net
2026-05-20 02:57:35 [http]: ::1 - - [19/May/2026:21:27:35 +0000] "POST /api/v1/tasks HTTP/1.1" 422 119 "http://localhost:3000/" "Mozilla/5.0 (iPhone; CPU iPhone OS 18_5 like Mac OS X) AppleWebKit/605.1.15 (KHTML, like Gecko) Version/18.5 Mobile/15E148 Safari/604.1"
2026-05-20 02:57:48 [info]: TaskFlow API running on port 5000 in development mode
2026-05-20 02:57:48 [info]: Swagger docs: http://localhost:5000/api-docs
2026-05-20 02:57:48 [info]: MongoDB connected: ac-oflvqad-shard-00-00.bibsgue.mongodb.net
2026-05-20 02:57:51 [http]: ::1 - - [19/May/2026:21:27:51 +0000] "POST /api/v1/tasks HTTP/1.1" 422 119 "http://localhost:3000/" "Mozilla/5.0 (iPhone; CPU iPhone OS 18_5 like Mac OS X) AppleWebKit/605.1.15 (KHTML, like Gecko) Version/18.5 Mobile/15E148 Safari/604.1"
2026-05-20 02:57:57 [http]: ::1 - - [19/May/2026:21:27:57 +0000] "GET /api/v1/auth/profile HTTP/1.1" 304 - "http://localhost:3000/" "Mozilla/5.0 (iPhone; CPU iPhone OS 18_5 like Mac OS X) AppleWebKit/605.1.15 (KHTML, like Gecko) Version/18.5 Mobile/15E148 Safari/604.1"
2026-05-20 02:57:57 [http]: ::1 - - [19/May/2026:21:27:57 +0000] "GET /api/v1/auth/profile HTTP/1.1" 304 - "http://localhost:3000/" "Mozilla/5.0 (iPhone; CPU iPhone OS 18_5 like Mac OS X) AppleWebKit/605.1.15 (KHTML, like Gecko) Version/18.5 Mobile/15E148 Safari/604.1"
2026-05-20 02:57:58 [http]: ::1 - - [19/May/2026:21:27:58 +0000] "GET /api/v1/auth/profile HTTP/1.1" 304 - "http://localhost:3000/" "Mozilla/5.0 (iPhone; CPU iPhone OS 18_5 like Mac OS X) AppleWebKit/605.1.15 (KHTML, like Gecko) Version/18.5 Mobile/15E148 Safari/604.1"
2026-05-20 02:57:58 [http]: ::1 - - [19/May/2026:21:27:58 +0000] "GET /api/v1/auth/profile HTTP/1.1" 304 - "http://localhost:3000/" "Mozilla/5.0 (iPhone; CPU iPhone OS 18_5 like Mac OS X) AppleWebKit/605.1.15 (KHTML, like Gecko) Version/18.5 Mobile/15E148 Safari/604.1"
2026-05-20 02:57:58 [http]: ::1 - - [19/May/2026:21:27:58 +0000] "GET /api/v1/tasks?page=1&limit=9 HTTP/1.1" 304 - "http://localhost:3000/" "Mozilla/5.0 (iPhone; CPU iPhone OS 18_5 like Mac OS X) AppleWebKit/605.1.15 (KHTML, like Gecko) Version/18.5 Mobile/15E148 Safari/604.1"
2026-05-20 02:57:58 [http]: ::1 - - [19/May/2026:21:27:58 +0000] "GET /api/v1/tasks?page=1&limit=9 HTTP/1.1" 304 - "http://localhost:3000/" "Mozilla/5.0 (iPhone; CPU iPhone OS 18_5 like Mac OS X) AppleWebKit/605.1.15 (KHTML, like Gecko) Version/18.5 Mobile/15E148 Safari/604.1"
2026-05-20 02:58:05 [http]: ::1 - - [19/May/2026:21:28:05 +0000] "POST /api/v1/tasks HTTP/1.1" 422 119 "http://localhost:3000/" "Mozilla/5.0 (iPhone; CPU iPhone OS 18_5 like Mac OS X) AppleWebKit/605.1.15 (KHTML, like Gecko) Version/18.5 Mobile/15E148 Safari/604.1"
2026-05-20 02:59:09 [info]: TaskFlow API running on port 5000 in development mode
2026-05-20 02:59:09 [info]: Swagger docs: http://localhost:5000/api-docs
2026-05-20 02:59:09 [info]: MongoDB connected: ac-oflvqad-shard-00-00.bibsgue.mongodb.net
2026-05-20 02:59:10 [http]: ::1 - - [19/May/2026:21:29:10 +0000] "GET /api/v1/auth/profile HTTP/1.1" 304 - "http://localhost:3000/" "Mozilla/5.0 (iPhone; CPU iPhone OS 18_5 like Mac OS X) AppleWebKit/605.1.15 (KHTML, like Gecko) Version/18.5 Mobile/15E148 Safari/604.1"
2026-05-20 02:59:10 [http]: ::1 - - [19/May/2026:21:29:10 +0000] "GET /api/v1/auth/profile HTTP/1.1" 304 - "http://localhost:3000/" "Mozilla/5.0 (iPhone; CPU iPhone OS 18_5 like Mac OS X) AppleWebKit/605.1.15 (KHTML, like Gecko) Version/18.5 Mobile/15E148 Safari/604.1"
2026-05-20 02:59:10 [http]: ::1 - - [19/May/2026:21:29:10 +0000] "GET /api/v1/auth/profile HTTP/1.1" 304 - "http://localhost:3000/" "Mozilla/5.0 (iPhone; CPU iPhone OS 18_5 like Mac OS X) AppleWebKit/605.1.15 (KHTML, like Gecko) Version/18.5 Mobile/15E148 Safari/604.1"
2026-05-20 02:59:10 [http]: ::1 - - [19/May/2026:21:29:10 +0000] "GET /api/v1/auth/profile HTTP/1.1" 304 - "http://localhost:3000/" "Mozilla/5.0 (iPhone; CPU iPhone OS 18_5 like Mac OS X) AppleWebKit/605.1.15 (KHTML, like Gecko) Version/18.5 Mobile/15E148 Safari/604.1"
2026-05-20 02:59:11 [http]: ::1 - - [19/May/2026:21:29:11 +0000] "GET /api/v1/tasks?page=1&limit=9 HTTP/1.1" 304 - "http://localhost:3000/" "Mozilla/5.0 (iPhone; CPU iPhone OS 18_5 like Mac OS X) AppleWebKit/605.1.15 (KHTML, like Gecko) Version/18.5 Mobile/15E148 Safari/604.1"
2026-05-20 02:59:11 [http]: ::1 - - [19/May/2026:21:29:11 +0000] "GET /api/v1/tasks?page=1&limit=9 HTTP/1.1" 304 - "http://localhost:3000/" "Mozilla/5.0 (iPhone; CPU iPhone OS 18_5 like Mac OS X) AppleWebKit/605.1.15 (KHTML, like Gecko) Version/18.5 Mobile/15E148 Safari/604.1"
2026-05-20 02:59:26 [http]: ::1 - - [19/May/2026:21:29:26 +0000] "POST /api/v1/tasks HTTP/1.1" 422 119 "http://localhost:3000/" "Mozilla/5.0 (iPhone; CPU iPhone OS 18_5 like Mac OS X) AppleWebKit/605.1.15 (KHTML, like Gecko) Version/18.5 Mobile/15E148 Safari/604.1"
2026-05-20 03:00:11 [info]: TaskFlow API running on port 5000 in development mode
2026-05-20 03:00:11 [info]: Swagger docs: http://localhost:5000/api-docs
2026-05-20 03:00:12 [info]: MongoDB connected: ac-oflvqad-shard-00-00.bibsgue.mongodb.net
2026-05-20 03:00:12 [http]: ::1 - - [19/May/2026:21:30:12 +0000] "GET /api/v1/auth/profile HTTP/1.1" 304 - "http://localhost:3000/" "Mozilla/5.0 (iPhone; CPU iPhone OS 18_5 like Mac OS X) AppleWebKit/605.1.15 (KHTML, like Gecko) Version/18.5 Mobile/15E148 Safari/604.1"
2026-05-20 03:00:12 [http]: ::1 - - [19/May/2026:21:30:12 +0000] "GET /api/v1/auth/profile HTTP/1.1" 304 - "http://localhost:3000/" "Mozilla/5.0 (iPhone; CPU iPhone OS 18_5 like Mac OS X) AppleWebKit/605.1.15 (KHTML, like Gecko) Version/18.5 Mobile/15E148 Safari/604.1"
2026-05-20 03:00:12 [http]: ::1 - - [19/May/2026:21:30:12 +0000] "GET /api/v1/auth/profile HTTP/1.1" 304 - "http://localhost:3000/" "Mozilla/5.0 (iPhone; CPU iPhone OS 18_5 like Mac OS X) AppleWebKit/605.1.15 (KHTML, like Gecko) Version/18.5 Mobile/15E148 Safari/604.1"
2026-05-20 03:00:12 [http]: ::1 - - [19/May/2026:21:30:12 +0000] "GET /api/v1/tasks?page=1&limit=9 HTTP/1.1" 304 - "http://localhost:3000/" "Mozilla/5.0 (iPhone; CPU iPhone OS 18_5 like Mac OS X) AppleWebKit/605.1.15 (KHTML, like Gecko) Version/18.5 Mobile/15E148 Safari/604.1"
2026-05-20 03:00:14 [http]: ::1 - - [19/May/2026:21:30:14 +0000] "GET /api/v1/auth/profile HTTP/1.1" 304 - "http://localhost:3000/" "Mozilla/5.0 (iPhone; CPU iPhone OS 18_5 like Mac OS X) AppleWebKit/605.1.15 (KHTML, like Gecko) Version/18.5 Mobile/15E148 Safari/604.1"
2026-05-20 03:00:14 [http]: ::1 - - [19/May/2026:21:30:14 +0000] "GET /api/v1/tasks?page=1&limit=9 HTTP/1.1" 304 - "http://localhost:3000/" "Mozilla/5.0 (iPhone; CPU iPhone OS 18_5 like Mac OS X) AppleWebKit/605.1.15 (KHTML, like Gecko) Version/18.5 Mobile/15E148 Safari/604.1"
2026-05-20 03:00:19 [http]: ::1 - - [19/May/2026:21:30:19 +0000] "POST /api/v1/tasks HTTP/1.1" 422 119 "http://localhost:3000/" "Mozilla/5.0 (iPhone; CPU iPhone OS 18_5 like Mac OS X) AppleWebKit/605.1.15 (KHTML, like Gecko) Version/18.5 Mobile/15E148 Safari/604.1"
2026-05-20 03:00:37 [info]: TaskFlow API running on port 5000 in development mode
2026-05-20 03:00:37 [info]: Swagger docs: http://localhost:5000/api-docs
2026-05-20 03:00:38 [info]: MongoDB connected: ac-oflvqad-shard-00-00.bibsgue.mongodb.net
2026-05-20 03:01:21 [http]: ::1 - - [19/May/2026:21:31:21 +0000] "POST /api/v1/tasks HTTP/1.1" 201 279 "http://localhost:3000/" "Mozilla/5.0 (iPhone; CPU iPhone OS 18_5 like Mac OS X) AppleWebKit/605.1.15 (KHTML, like Gecko) Version/18.5 Mobile/15E148 Safari/604.1"
2026-05-20 03:01:22 [http]: ::1 - - [19/May/2026:21:31:22 +0000] "GET /api/v1/tasks?page=1&limit=9 HTTP/1.1" 200 698 "http://localhost:3000/" "Mozilla/5.0 (iPhone; CPU iPhone OS 18_5 like Mac OS X) AppleWebKit/605.1.15 (KHTML, like Gecko) Version/18.5 Mobile/15E148 Safari/604.1"
2026-05-20 03:01:38 [http]: ::1 - - [19/May/2026:21:31:38 +0000] "DELETE /api/v1/tasks/6a0cd6a93fce8888f0f90c31 HTTP/1.1" 200 41 "http://localhost:3000/" "Mozilla/5.0 (Windows NT 10.0; Win64; x64) AppleWebKit/537.36 (KHTML, like Gecko) Chrome/148.0.0.0 Safari/537.36"
2026-05-20 03:01:38 [http]: ::1 - - [19/May/2026:21:31:38 +0000] "GET /api/v1/tasks?page=1&limit=9 HTTP/1.1" 200 409 "http://localhost:3000/" "Mozilla/5.0 (Windows NT 10.0; Win64; x64) AppleWebKit/537.36 (KHTML, like Gecko) Chrome/148.0.0.0 Safari/537.36"
2026-05-20 03:01:41 [http]: ::1 - - [19/May/2026:21:31:41 +0000] "DELETE /api/v1/tasks/6a0cd588d7e79a342982dbda HTTP/1.1" 200 41 "http://localhost:3000/" "Mozilla/5.0 (Windows NT 10.0; Win64; x64) AppleWebKit/537.36 (KHTML, like Gecko) Chrome/148.0.0.0 Safari/537.36"
2026-05-20 03:01:42 [http]: ::1 - - [19/May/2026:21:31:42 +0000] "GET /api/v1/tasks?page=1&limit=9 HTTP/1.1" 200 105 "http://localhost:3000/" "Mozilla/5.0 (Windows NT 10.0; Win64; x64) AppleWebKit/537.36 (KHTML, like Gecko) Chrome/148.0.0.0 Safari/537.36"
2026-05-20 03:01:45 [http]: ::1 - - [19/May/2026:21:31:45 +0000] "GET /api/v1/tasks?page=1&limit=9 HTTP/1.1" 304 - "http://localhost:3000/" "Mozilla/5.0 (Windows NT 10.0; Win64; x64) AppleWebKit/537.36 (KHTML, like Gecko) Chrome/148.0.0.0 Safari/537.36"
2026-05-20 03:01:46 [http]: ::1 - - [19/May/2026:21:31:46 +0000] "GET /api/v1/tasks?page=1&limit=9 HTTP/1.1" 304 - "http://localhost:3000/" "Mozilla/5.0 (Windows NT 10.0; Win64; x64) AppleWebKit/537.36 (KHTML, like Gecko) Chrome/148.0.0.0 Safari/537.36"
2026-05-20 03:01:47 [http]: ::1 - - [19/May/2026:21:31:47 +0000] "GET /api/v1/tasks?page=1&limit=9 HTTP/1.1" 304 - "http://localhost:3000/" "Mozilla/5.0 (Windows NT 10.0; Win64; x64) AppleWebKit/537.36 (KHTML, like Gecko) Chrome/148.0.0.0 Safari/537.36"
2026-05-20 03:01:47 [http]: ::1 - - [19/May/2026:21:31:47 +0000] "GET /api/v1/tasks?page=1&limit=9 HTTP/1.1" 304 - "http://localhost:3000/" "Mozilla/5.0 (Windows NT 10.0; Win64; x64) AppleWebKit/537.36 (KHTML, like Gecko) Chrome/148.0.0.0 Safari/537.36"
2026-05-20 03:01:47 [http]: ::1 - - [19/May/2026:21:31:47 +0000] "GET /api/v1/tasks?page=1&limit=9 HTTP/1.1" 304 - "http://localhost:3000/" "Mozilla/5.0 (Windows NT 10.0; Win64; x64) AppleWebKit/537.36 (KHTML, like Gecko) Chrome/148.0.0.0 Safari/537.36"
2026-05-20 03:02:13 [http]: ::1 - - [19/May/2026:21:32:13 +0000] "POST /api/v1/tasks HTTP/1.1" 201 290 "http://localhost:3000/" "Mozilla/5.0 (Windows NT 10.0; Win64; x64) AppleWebKit/537.36 (KHTML, like Gecko) Chrome/148.0.0.0 Safari/537.36"
2026-05-20 03:02:13 [http]: ::1 - - [19/May/2026:21:32:13 +0000] "GET /api/v1/tasks?page=1&limit=9 HTTP/1.1" 200 404 "http://localhost:3000/" "Mozilla/5.0 (Windows NT 10.0; Win64; x64) AppleWebKit/537.36 (KHTML, like Gecko) Chrome/148.0.0.0 Safari/537.36"
2026-05-20 03:06:39 [info]: TaskFlow API running on port 5000 in development mode
2026-05-20 03:06:39 [info]: Swagger docs: http://localhost:5000/api-docs
2026-05-20 03:06:39 [info]: MongoDB connected: ac-oflvqad-shard-00-01.bibsgue.mongodb.net
2026-05-21 13:56:44 [info]: TaskFlow API running on port 5000 in development mode
2026-05-21 13:56:44 [info]: Swagger docs: http://localhost:5000/api-docs
2026-05-21 13:57:14 [error]: MongoDB connection error: Could not connect to any servers in your MongoDB Atlas cluster. One common reason is that you're trying to access the database from an IP that isn't whitelisted. Make sure your current IP address is on your Atlas cluster's IP whitelist: https://www.mongodb.com/docs/atlas/security-whitelist/
2026-05-21 14:45:10 [info]: TaskFlow API running on port 5000 in development mode
2026-05-21 14:45:10 [info]: Swagger docs: http://localhost:5000/api-docs
2026-05-21 14:45:12 [info]: MongoDB connected: ac-oflvqad-shard-00-01.bibsgue.mongodb.net
